app/build/intermediates/manifest_merge_blame_file/debug/manifest-merger-blame-debug-report.txt
1<?xml version="1.0" encoding="utf-8"?>
2<manifest xmlns:android="http://schemas.android.com/apk/res/android"
3    package="id.ac.polinema.absensiprojectuas"
4    android:versionCode="1"
5    android:versionName="1.0" >
6
7    <uses-sdk
8        android:minSdkVersion="16"
8-->src\main\AndroidManifest.xml
9        android:targetSdkVersion="29" />
9-->src\main\AndroidManifest.xml
10
11    <uses-permission android:name="android.permission.ACCESS_FINE_LOCATION" />
11-->src\main\AndroidManifest.xml:5:5-79
11-->src\main\AndroidManifest.xml:5:22-76
12    <uses-permission android:name="android.permission.INTERNET" />
12-->src\main\AndroidManifest.xml:6:5-67
12-->src\main\AndroidManifest.xml:6:22-64
13
14    <!-- Include required permissions for Google Maps API to run. -->
15    <uses-permission android:name="android.permission.ACCESS_NETWORK_STATE" />
15-->[com.google.android.gms:play-services-maps:17.0.0] AndroidManifest.xml:23:5-79
15-->[com.google.android.gms:play-services-maps:17.0.0] AndroidManifest.xml:23:22-76
16
17    <uses-feature
17-->[com.google.android.gms:play-services-maps:17.0.0] AndroidManifest.xml:26:5-28:35
18        android:glEsVersion="0x00020000"
18-->[com.google.android.gms:play-services-maps:17.0.0] AndroidManifest.xml:27:9-41
19        android:required="true" />
19-->[com.google.android.gms:play-services-maps:17.0.0] AndroidManifest.xml:28:9-32
20
21    <application
21-->src\main\AndroidManifest.xml:8:5-39:19
22        android:allowBackup="true"
22-->src\main\AndroidManifest.xml:9:9-35
23        android:appComponentFactory="androidx.core.app.CoreComponentFactory"
23-->[androidx.core:core:1.1.0] AndroidManifest.xml:24:18-86
24        android:debuggable="true"
25        android:icon="@mipmap/ic_launcher"
25-->src\main\AndroidManifest.xml:10:9-43
26        android:label="@string/app_name"
26-->src\main\AndroidManifest.xml:11:9-41
27        android:roundIcon="@mipmap/ic_launcher_round"
27-->src\main\AndroidManifest.xml:12:9-54
28        android:supportsRtl="true"
28-->src\main\AndroidManifest.xml:13:9-35
29        android:testOnly="true"
30        android:theme="@style/AppTheme" >
30-->src\main\AndroidManifest.xml:14:9-40
31        <activity android:name="id.ac.polinema.absensiprojectuas.PilihSiswaActivity" />
31-->src\main\AndroidManifest.xml:15:9-65
31-->src\main\AndroidManifest.xml:15:19-53
32        <activity android:name="id.ac.polinema.absensiprojectuas.RekapanActivity" />
32-->src\main\AndroidManifest.xml:16:9-53
32-->src\main\AndroidManifest.xml:16:19-50
33        <activity android:name="id.ac.polinema.absensiprojectuas.SiswaActivity" />
33-->src\main\AndroidManifest.xml:17:9-51
33-->src\main\AndroidManifest.xml:17:19-48
34        <activity android:name="id.ac.polinema.absensiprojectuas.OpeningActivity" />
34-->src\main\AndroidManifest.xml:18:9-53
34-->src\main\AndroidManifest.xml:18:19-50
35        <activity android:name="id.ac.polinema.absensiprojectuas.FormSiswaActivity" />
35-->src\main\AndroidManifest.xml:19:9-55
35-->src\main\AndroidManifest.xml:19:19-52
36        <activity android:name="id.ac.polinema.absensiprojectuas.MapsActivity" />
36-->src\main\AndroidManifest.xml:20:9-50
36-->src\main\AndroidManifest.xml:20:19-47
37
38        <meta-data
38-->src\main\AndroidManifest.xml:22:9-24:71
39            android:name="com.google.android.geo.API_KEY"
39-->src\main\AndroidManifest.xml:23:13-58
40            android:value="AIzaSyAKfgGTG6bDGqhSzCPaS38DxI-Ms1PHA0s" />
40-->src\main\AndroidManifest.xml:24:13-68
41
42        <activity android:name="id.ac.polinema.absensiprojectuas.LoginGuruActivity" />
42-->src\main\AndroidManifest.xml:26:9-55
42-->src\main\AndroidManifest.xml:26:19-52
43        <activity android:name="id.ac.polinema.absensiprojectuas.AdminActivity" />
43-->src\main\AndroidManifest.xml:27:9-51
43-->src\main\AndroidManifest.xml:27:19-48
44        <activity android:name="id.ac.polinema.absensiprojectuas.GuruActivity" />
44-->src\main\AndroidManifest.xml:28:9-50
44-->src\main\AndroidManifest.xml:28:19-47
45        <activity android:name="id.ac.polinema.absensiprojectuas.models.GuruItem" />
45-->src\main\AndroidManifest.xml:29:9-53
45-->src\main\AndroidManifest.xml:29:19-50
46        <activity android:name="id.ac.polinema.absensiprojectuas.models.AbsenItem" />
46-->src\main\AndroidManifest.xml:30:9-54
46-->src\main\AndroidManifest.xml:30:19-51
47        <activity android:name="id.ac.polinema.absensiprojectuas.FormActivity" />
47-->src\main\AndroidManifest.xml:31:9-50
47-->src\main\AndroidManifest.xml:31:19-47
48        <activity android:name="id.ac.polinema.absensiprojectuas.LoginAdminActivity" >
48-->src\main\AndroidManifest.xml:32:9-38:20
48-->src\main\AndroidManifest.xml:32:19-53
49            <intent-filter>
49-->src\main\AndroidManifest.xml:33:13-37:29
50                <action android:name="android.intent.action.MAIN" />
50-->src\main\AndroidManifest.xml:34:17-69
50-->src\main\AndroidManifest.xml:34:25-66
51
52                <category android:name="android.intent.category.LAUNCHER" />
52-->src\main\AndroidManifest.xml:36:17-77
52-->src\main\AndroidManifest.xml:36:27-74
53            </intent-filter>
54        </activity>
55        <activity
55-->[com.karumi:dexter:6.0.2] AndroidManifest.xml:27:9-29:72
56            android:name="com.karumi.dexter.DexterActivity"
56-->[com.karumi:dexter:6.0.2] AndroidManifest.xml:28:13-60
57            android:theme="@style/Dexter.Internal.Theme.Transparent" />
57-->[com.karumi:dexter:6.0.2] AndroidManifest.xml:29:13-69
58
59        <provider
59-->[com.squareup.picasso:picasso:2.71828] AndroidManifest.xml:8:9-11:40
60            android:name="com.squareup.picasso.PicassoProvider"
60-->[com.squareup.picasso:picasso:2.71828] AndroidManifest.xml:9:13-64
61            android:authorities="id.ac.polinema.absensiprojectuas.com.squareup.picasso"
61-->[com.squareup.picasso:picasso:2.71828] AndroidManifest.xml:10:13-72
62            android:exported="false" /> <!-- Needs to be explicitly declared on P+ -->
62-->[com.squareup.picasso:picasso:2.71828] AndroidManifest.xml:11:13-37
63        <uses-library
63-->[com.google.android.gms:play-services-maps:17.0.0] AndroidManifest.xml:33:9-35:40
64            android:name="org.apache.http.legacy"
64-->[com.google.android.gms:play-services-maps:17.0.0] AndroidManifest.xml:34:13-50
65            android:required="false" />
65-->[com.google.android.gms:play-services-maps:17.0.0] AndroidManifest.xml:35:13-37
66
67        <activity
67-->[com.google.android.gms:play-services-base:17.0.0] AndroidManifest.xml:23:9-26:75
68            android:name="com.google.android.gms.common.api.GoogleApiActivity"
68-->[com.google.android.gms:play-services-base:17.0.0] AndroidManifest.xml:24:13-79
69            android:exported="false"
69-->[com.google.android.gms:play-services-base:17.0.0] AndroidManifest.xml:25:13-37
70            android:theme="@android:style/Theme.Translucent.NoTitleBar" />
70-->[com.google.android.gms:play-services-base:17.0.0] AndroidManifest.xml:26:13-72
71
72        <meta-data
72-->[com.google.android.gms:play-services-basement:17.0.0] AndroidManifest.xml:23:9-25:69
73            android:name="com.google.android.gms.version"
73-->[com.google.android.gms:play-services-basement:17.0.0] AndroidManifest.xml:24:13-58
74            android:value="@integer/google_play_services_version" />
74-->[com.google.android.gms:play-services-basement:17.0.0] AndroidManifest.xml:25:13-66
75
76        <provider
76-->[androidx.lifecycle:lifecycle-process:2.2.0] AndroidManifest.xml:25:9-29:43
77            android:name="androidx.lifecycle.ProcessLifecycleOwnerInitializer"
77-->[androidx.lifecycle:lifecycle-process:2.2.0] AndroidManifest.xml:26:13-79
78            android:authorities="id.ac.polinema.absensiprojectuas.lifecycle-process"
78-->[androidx.lifecycle:lifecycle-process:2.2.0] AndroidManifest.xml:27:13-69
79            android:exported="false"
79-->[androidx.lifecycle:lifecycle-process:2.2.0] AndroidManifest.xml:28:13-37
80            android:multiprocess="true" />
80-->[androidx.lifecycle:lifecycle-process:2.2.0] AndroidManifest.xml:29:13-40
81    </application>
82
83</manifest>